--------------------------------------------------------------------------------
CPU name:	AMD Ryzen 5 3500U with Radeon Vega Mobile Gfx  
CPU type:	AMD K17 (Zen+) architecture
CPU clock:	2.10 GHz
--------------------------------------------------------------------------------
6.000000
6.000000
0.212489
0.251052
--------------------------------------------------------------------------------
Region newton, Group 1: FLOPS_DP
+-------------------+------------+
|    Region Info    | HWThread 3 |
+-------------------+------------+
| RDTSC Runtime [s] |   0.000001 |
|     call count    |          1 |
+-------------------+------------+

+----------------------------------+---------+------------+
|               Event              | Counter | HWThread 3 |
+----------------------------------+---------+------------+
|         ACTUAL_CPU_CLOCK         |  FIXC1  |     254598 |
|           MAX_CPU_CLOCK          |  FIXC2  |     222096 |
|       RETIRED_INSTRUCTIONS       |   PMC0  |       6907 |
|        CPU_CLOCKS_UNHALTED       |   PMC1  |      22205 |
| RETIRED_SSE_AVX_FLOPS_DOUBLE_ALL |   PMC2  |         28 |
|               MERGE              |   PMC3  |          0 |
+----------------------------------+---------+------------+

+----------------------+--------------+
|        Metric        |  HWThread 3  |
+----------------------+--------------+
|  Runtime (RDTSC) [s] | 6.211639e-07 |
| Runtime unhalted [s] |       0.0001 |
|      Clock [MHz]     |    2402.8050 |
|          CPI         |       3.2149 |
|     DP [MFLOP/s]     |      45.0767 |
+----------------------+--------------+

Region lagrange, Group 1: FLOPS_DP
+-------------------+------------+
|    Region Info    | HWThread 3 |
+-------------------+------------+
| RDTSC Runtime [s] |   0.000000 |
|     call count    |          1 |
+-------------------+------------+

+----------------------------------+---------+------------+
|               Event              | Counter | HWThread 3 |
+----------------------------------+---------+------------+
|         ACTUAL_CPU_CLOCK         |  FIXC1  |     248500 |
|           MAX_CPU_CLOCK          |  FIXC2  |     215565 |
|       RETIRED_INSTRUCTIONS       |   PMC0  |       6549 |
|        CPU_CLOCKS_UNHALTED       |   PMC1  |      18430 |
| RETIRED_SSE_AVX_FLOPS_DOUBLE_ALL |   PMC2  |         40 |
|               MERGE              |   PMC3  |          0 |
+----------------------------------+---------+------------+

+----------------------+--------------+
|        Metric        |  HWThread 3  |
+----------------------+--------------+
|  Runtime (RDTSC) [s] | 2.404506e-07 |
| Runtime unhalted [s] |       0.0001 |
|      Clock [MHz]     |    2416.3087 |
|          CPI         |       2.8142 |
|     DP [MFLOP/s]     |     166.3543 |
+----------------------+--------------+

